<?xml version="1.0" encoding="UTF-8"?>
<!-- Generated by org.testng.reporters.JUnitReportReporter -->
<testsuite hostname="Ashutoshs-MacBook-Air.local" failures="0" tests="1" name="com.qa.fullcycle.testcases.CheckoutpageTestcases" time="15.417" errors="0" timestamp="2020-06-24T18:02:52 IST" skipped="0">
  <testcase classname="com.qa.fullcycle.testcases.CheckoutpageTestcases" name="paymentCheckout" time="15.417"/>
</testsuite> <!-- com.qa.fullcycle.testcases.CheckoutpageTestcases -->
